<?xml version="1.0" encoding="UTF-8"?>
<!-- Generated by org.testng.reporters.JUnitReportReporter -->
<testsuite hostname="INVCH-LTM-063" failures="0" tests="1" name="com.qa.dt.base.XlDemo" time="0.313" errors="0" timestamp="2022-11-08T10:27:49 IST" skipped="0">
  <testcase classname="com.qa.dt.base.XlDemo" name="xlTest" time="0.313"/>
  <system-out/>
</testsuite> <!-- com.qa.dt.base.XlDemo -->
