<?xml version="1.0" encoding="UTF-8"?>
<!-- Generated by org.testng.reporters.JUnitReportReporter -->
<testsuite hostname="INVCH-LTM-063" failures="0" tests="1" name="com.qa.dt.test.ProjectSelectionTest" time="29.505" errors="0" timestamp="2022-11-08T17:16:57 IST" skipped="0">
  <testcase classname="com.qa.dt.test.ProjectSelectionTest" name="ProjectSelection" time="29.505"/>
  <system-out/>
</testsuite> <!-- com.qa.dt.test.ProjectSelectionTest -->
